2026-02-14 09:40:48,926 - INFO - Database tables verified/created.
2026-02-14 09:40:48,927 - INFO - Fetching target labels from FDALabel...
2026-02-14 09:44:25,278 - INFO - Database tables verified/created.
2026-02-14 09:44:25,278 - INFO - Fetching target labels from FDALabel...
2026-02-14 09:44:25,567 - INFO - Found 21497 total target labels.
2026-02-14 09:44:25,570 - INFO - Processing a435da9d-f6e8-4ddc-897d-8cd2bf777b21 (WELLBUTRIN XL)...
2026-02-14 09:46:05,739 - INFO - HTTP Request: POST http://ncslp30300:8814/v1/chat/completions "HTTP/1.1 200 OK"
2026-02-14 10:12:29,410 - INFO - Database tables verified/created.
2026-02-14 10:12:29,410 - INFO - Fetching target labels from FDALabel...
2026-02-14 10:12:29,661 - INFO - Found 21497 total target labels.
2026-02-14 10:12:29,664 - INFO - Skipping a435da9d-f6e8-4ddc-897d-8cd2bf777b21, current version is already up to date.
2026-02-14 10:12:29,664 - INFO - Skipping 99c3d252-4d51-4679-aa61-e2d0b8238b38, current version is already up to date.
2026-02-14 10:12:29,665 - INFO - Skipping 346f8af3-b850-48e4-bd6e-82ecafca86d2, current version is already up to date.
2026-02-14 10:12:29,666 - INFO - Processing 264a3f71-f23e-45e3-926a-421bcccf4e3d (levofloxacin)...
2026-02-14 10:13:34,093 - INFO - Successfully created new current tox_agent record for 264a3f71-f23e-45e3-926a-421bcccf4e3d
2026-02-14 10:13:34,093 - INFO - Waiting 3 seconds before next request...
2026-02-14 10:13:37,095 - INFO - Processing 275d4288-064d-d1bd-e063-6294a90a28e1 (Rosuvastatin Calcium)...
2026-02-14 10:14:40,319 - INFO - Successfully created new current tox_agent record for 275d4288-064d-d1bd-e063-6294a90a28e1
2026-02-14 10:14:40,319 - INFO - Waiting 3 seconds before next request...
2026-02-14 10:14:43,320 - INFO - Processing 1ae11faa-5bbe-49b7-a4dd-b573c304cf66 (celecoxib)...
2026-02-14 10:16:37,596 - INFO - Successfully created new current tox_agent record for 1ae11faa-5bbe-49b7-a4dd-b573c304cf66
2026-02-14 10:16:37,596 - INFO - Batch update completed. Processed 3 labels.
